{"C:\\Users\\rohbhatt5\\Desktop\\React_Native\\Guess-The-Number\\App.js": {"path":"C:\\Users\\rohbhatt5\\Desktop\\React_Native\\Guess-The-Number\\App.js","statementMap":{"0":{"start":{"line":9,"column":30},"end":{"line":9,"column":40}},"1":{"start":{"line":11,"column":16},"end":{"line":11,"column":59}},"2":{"start":{"line":13,"column":2},"end":{"line":13,"column":62}},"3":{"start":{"line":13,"column":14},"end":{"line":13,"column":62}},"4":{"start":{"line":14,"column":2},"end":{"line":19,"column":4}},"5":{"start":{"line":22,"column":15},"end":{"line":29,"column":2}}},"fnMap":{"0":{"name":"App","decl":{"start":{"line":8,"column":24},"end":{"line":8,"column":27}},"loc":{"start":{"line":8,"column":30},"end":{"line":20,"column":1}},"line":8}},"branchMap":{"0":{"loc":{"start":{"line":13,"column":2},"end":{"line":13,"column":62}},"type":"if","locations":[{"start":{"line":13,"column":2},"end":{"line":13,"column":62}},{"start":{"line":13,"column":2},"end":{"line":13,"column":62}}],"line":13}},"s":{"0":0,"1":0,"2":0,"3":0,"4":0,"5":0},"f":{"0":0},"b":{"0":[0,0]}}
,"C:\\Users\\rohbhatt5\\Desktop\\React_Native\\Guess-The-Number\\.scannerwork\\css-bundle\\lib\\src\\server.d.ts": {"path":"C:\\Users\\rohbhatt5\\Desktop\\React_Native\\Guess-The-Number\\.scannerwork\\css-bundle\\lib\\src\\server.d.ts","statementMap":{},"fnMap":{},"branchMap":{},"s":{},"f":{},"b":{}}
,"C:\\Users\\rohbhatt5\\Desktop\\React_Native\\Guess-The-Number\\.scannerwork\\css-bundle\\src\\server.ts": {"path":"C:\\Users\\rohbhatt5\\Desktop\\React_Native\\Guess-The-Number\\.scannerwork\\css-bundle\\src\\server.ts","statementMap":{"0":{"start":{"line":2,"column":0},"end":{"line":2,"column":35}},"1":{"start":{"line":4,"column":0},"end":{"line":4,"column":39}},"2":{"start":{"line":5,"column":0},"end":{"line":5,"column":25}},"3":{"start":{"line":6,"column":0},"end":{"line":6,"column":42}},"4":{"start":{"line":9,"column":10},"end":{"line":9,"column":21}},"5":{"start":{"line":10,"column":15},"end":{"line":10,"column":28}},"6":{"start":{"line":12,"column":25},"end":{"line":12,"column":31}},"7":{"start":{"line":18,"column":2},"end":{"line":18,"column":19}},"8":{"start":{"line":19,"column":2},"end":{"line":19,"column":26}},"9":{"start":{"line":14,"column":0},"end":{"line":14,"column":16}},"10":{"start":{"line":23,"column":2},"end":{"line":57,"column":5}},"11":{"start":{"line":24,"column":4},"end":{"line":24,"column":64}},"12":{"start":{"line":25,"column":16},"end":{"line":25,"column":25}},"13":{"start":{"line":26,"column":4},"end":{"line":26,"column":58}},"14":{"start":{"line":27,"column":4},"end":{"line":27,"column":47}},"15":{"start":{"line":28,"column":4},"end":{"line":30,"column":6}},"16":{"start":{"line":29,"column":6},"end":{"line":29,"column":22}},"17":{"start":{"line":32,"column":4},"end":{"line":37,"column":7}},"18":{"start":{"line":33,"column":6},"end":{"line":33,"column":65}},"19":{"start":{"line":34,"column":6},"end":{"line":36,"column":9}},"20":{"start":{"line":35,"column":8},"end":{"line":35,"column":23}},"21":{"start":{"line":41,"column":4},"end":{"line":48,"column":6}},"22":{"start":{"line":47,"column":11},"end":{"line":47,"column":40}},"23":{"start":{"line":50,"column":19},"end":{"line":56,"column":6}},"24":{"start":{"line":51,"column":6},"end":{"line":54,"column":8}},"25":{"start":{"line":55,"column":6},"end":{"line":55,"column":22}},"26":{"start":{"line":22,"column":0},"end":{"line":22,"column":16}},"27":{"start":{"line":64,"column":24},"end":{"line":64,"column":53}},"28":{"start":{"line":65,"column":48},"end":{"line":65,"column":61}},"29":{"start":{"line":67,"column":4},"end":{"line":67,"column":75}},"30":{"start":{"line":68,"column":18},"end":{"line":72,"column":4}},"31":{"start":{"line":74,"column":2},"end":{"line":77,"column":51}},"32":{"start":{"line":76,"column":20},"end":{"line":76,"column":69}},"33":{"start":{"line":77,"column":20},"end":{"line":77,"column":49}},"34":{"start":{"line":81,"column":2},"end":{"line":81,"column":18}},"35":{"start":{"line":82,"column":2},"end":{"line":82,"column":20}},"36":{"start":{"line":86,"column":36},"end":{"line":86,"column":38}},"37":{"start":{"line":88,"column":2},"end":{"line":103,"column":5}},"38":{"start":{"line":90,"column":4},"end":{"line":95,"column":null}},"39":{"start":{"line":91,"column":6},"end":{"line":93,"column":8}},"40":{"start":{"line":94,"column":6},"end":{"line":94,"column":13}},"41":{"start":{"line":96,"column":4},"end":{"line":102,"column":6}},"42":{"start":{"line":97,"column":6},"end":{"line":101,"column":8}},"43":{"start":{"line":104,"column":2},"end":{"line":104,"column":26}},"44":{"start":{"line":108,"column":22},"end":{"line":108,"column":69}},"45":{"start":{"line":110,"column":2},"end":{"line":112,"column":null}},"46":{"start":{"line":111,"column":4},"end":{"line":111,"column":32}},"47":{"start":{"line":113,"column":2},"end":{"line":113,"column":21}}},"fnMap":{"0":{"name":"setLogHandlersForTests","decl":{"start":{"line":14,"column":16},"end":{"line":14,"column":38}},"loc":{"start":{"line":16,"column":36},"end":{"line":20,"column":1}}},"1":{"name":"start","decl":{"start":{"line":22,"column":16},"end":{"line":22,"column":21}},"loc":{"start":{"line":22,"column":50},"end":{"line":58,"column":1}}},"2":{"name":"(anonymous_2)","decl":{"start":{"line":23,"column":21},"end":{"line":23,"column":28}},"loc":{"start":{"line":23,"column":31},"end":{"line":57,"column":3}}},"3":{"name":"(anonymous_3)","decl":{"start":{"line":28,"column":23},"end":{"line":28,"column":24}},"loc":{"start":{"line":29,"column":6},"end":{"line":29,"column":22}}},"4":{"name":"(anonymous_4)","decl":{"start":{"line":32,"column":23},"end":{"line":32,"column":24}},"loc":{"start":{"line":32,"column":73},"end":{"line":37,"column":5}}},"5":{"name":"(anonymous_5)","decl":{"start":{"line":34,"column":15},"end":{"line":34,"column":18}},"loc":{"start":{"line":34,"column":20},"end":{"line":36,"column":7}}},"6":{"name":"(anonymous_6)","decl":{"start":{"line":42,"column":6},"end":{"line":42,"column":null}},"loc":{"start":{"line":47,"column":11},"end":{"line":47,"column":40}}},"7":{"name":"(anonymous_7)","decl":{"start":{"line":50,"column":42},"end":{"line":50,"column":45}},"loc":{"start":{"line":50,"column":47},"end":{"line":56,"column":5}}},"8":{"name":"analyzeWithStylelint","decl":{"start":{"line":60,"column":9},"end":{"line":60,"column":29}},"loc":{"start":{"line":62,"column":28},"end":{"line":78,"column":1}}},"9":{"name":"(anonymous_9)","decl":{"start":{"line":76,"column":10},"end":{"line":76,"column":16}},"loc":{"start":{"line":76,"column":20},"end":{"line":76,"column":69}}},"10":{"name":"(anonymous_10)","decl":{"start":{"line":77,"column":11},"end":{"line":77,"column":16}},"loc":{"start":{"line":77,"column":20},"end":{"line":77,"column":49}}},"11":{"name":"processError","decl":{"start":{"line":80,"column":9},"end":{"line":80,"column":21}},"loc":{"start":{"line":80,"column":60},"end":{"line":83,"column":1}}},"12":{"name":"toIssues","decl":{"start":{"line":85,"column":9},"end":{"line":85,"column":17}},"loc":{"start":{"line":85,"column":67},"end":{"line":105,"column":1}}},"13":{"name":"(anonymous_13)","decl":{"start":{"line":88,"column":18},"end":{"line":88,"column":24}},"loc":{"start":{"line":88,"column":27},"end":{"line":103,"column":3}}},"14":{"name":"(anonymous_14)","decl":{"start":{"line":96,"column":28},"end":{"line":96,"column":35}},"loc":{"start":{"line":97,"column":6},"end":{"line":101,"column":8}}},"15":{"name":"getFileContent","decl":{"start":{"line":107,"column":9},"end":{"line":107,"column":23}},"loc":{"start":{"line":107,"column":40},"end":{"line":114,"column":1}}}},"branchMap":{"0":{"loc":{"start":{"line":22,"column":29},"end":{"line":22,"column":30}},"type":"default-arg","locations":[{"start":{"line":22,"column":29},"end":{"line":22,"column":30}}]},"1":{"loc":{"start":{"line":22,"column":39},"end":{"line":22,"column":50}},"type":"default-arg","locations":[{"start":{"line":22,"column":39},"end":{"line":22,"column":50}}]},"2":{"loc":{"start":{"line":67,"column":37},"end":{"line":67,"column":48}},"type":"cond-expr","locations":[{"start":{"line":67,"column":37},"end":{"line":67,"column":48}},{"start":{"line":67,"column":51},"end":{"line":67,"column":75}}]},"3":{"loc":{"start":{"line":90,"column":4},"end":{"line":95,"column":null}},"type":"if","locations":[{"start":{"line":90,"column":4},"end":{"line":95,"column":null}},{"start":{"line":90,"column":4},"end":{"line":95,"column":null}}]},"4":{"loc":{"start":{"line":110,"column":2},"end":{"line":112,"column":null}},"type":"if","locations":[{"start":{"line":110,"column":2},"end":{"line":112,"column":null}},{"start":{"line":110,"column":2},"end":{"line":112,"column":null}}]}},"s":{"0":0,"1":0,"2":0,"3":0,"4":0,"5":0,"6":0,"7":0,"8":0,"9":0,"10":0,"11":0,"12":0,"13":0,"14":0,"15":0,"16":0,"17":0,"18":0,"19":0,"20":0,"21":0,"22":0,"23":0,"24":0,"25":0,"26":0,"27":0,"28":0,"29":0,"30":0,"31":0,"32":0,"33":0,"34":0,"35":0,"36":0,"37":0,"38":0,"39":0,"40":0,"41":0,"42":0,"43":0,"44":0,"45":0,"46":0,"47":0},"f":{"0":0,"1":0,"2":0,"3":0,"4":0,"5":0,"6":0,"7":0,"8":0,"9":0,"10":0,"11":0,"12":0,"13":0,"14":0,"15":0},"b":{"0":[0],"1":[0],"2":[0,0],"3":[0,0],"4":[0,0]}}
,"C:\\Users\\rohbhatt5\\Desktop\\React_Native\\Guess-The-Number\\components\\Card.js": {"path":"C:\\Users\\rohbhatt5\\Desktop\\React_Native\\Guess-The-Number\\components\\Card.js","statementMap":{"0":{"start":{"line":5,"column":13},"end":{"line":9,"column":1}},"1":{"start":{"line":6,"column":2},"end":{"line":8,"column":4}},"2":{"start":{"line":10,"column":15},"end":{"line":21,"column":2}}},"fnMap":{"0":{"name":"(anonymous_0)","decl":{"start":{"line":5,"column":13},"end":{"line":5,"column":14}},"loc":{"start":{"line":5,"column":24},"end":{"line":9,"column":1}},"line":5}},"branchMap":{},"s":{"0":0,"1":0,"2":0},"f":{"0":0},"b":{}}
,"C:\\Users\\rohbhatt5\\Desktop\\React_Native\\Guess-The-Number\\components\\Header.js": {"path":"C:\\Users\\rohbhatt5\\Desktop\\React_Native\\Guess-The-Number\\components\\Header.js","statementMap":{"0":{"start":{"line":6,"column":15},"end":{"line":12,"column":1}},"1":{"start":{"line":7,"column":2},"end":{"line":11,"column":4}},"2":{"start":{"line":13,"column":15},"end":{"line":28,"column":2}}},"fnMap":{"0":{"name":"(anonymous_0)","decl":{"start":{"line":6,"column":15},"end":{"line":6,"column":16}},"loc":{"start":{"line":6,"column":29},"end":{"line":12,"column":1}},"line":6}},"branchMap":{},"s":{"0":0,"1":0,"2":0},"f":{"0":0},"b":{}}
,"C:\\Users\\rohbhatt5\\Desktop\\React_Native\\Guess-The-Number\\components\\SelectedNumber.js": {"path":"C:\\Users\\rohbhatt5\\Desktop\\React_Native\\Guess-The-Number\\components\\SelectedNumber.js","statementMap":{"0":{"start":{"line":5,"column":23},"end":{"line":11,"column":1}},"1":{"start":{"line":6,"column":2},"end":{"line":10,"column":4}},"2":{"start":{"line":13,"column":15},"end":{"line":25,"column":2}}},"fnMap":{"0":{"name":"(anonymous_0)","decl":{"start":{"line":5,"column":23},"end":{"line":5,"column":24}},"loc":{"start":{"line":5,"column":34},"end":{"line":11,"column":1}},"line":5}},"branchMap":{},"s":{"0":0,"1":0,"2":0},"f":{"0":0},"b":{}}
,"C:\\Users\\rohbhatt5\\Desktop\\React_Native\\Guess-The-Number\\screens\\GameScreen.js": {"path":"C:\\Users\\rohbhatt5\\Desktop\\React_Native\\Guess-The-Number\\screens\\GameScreen.js","statementMap":{"0":{"start":{"line":6,"column":19},"end":{"line":56,"column":1}},"1":{"start":{"line":7,"column":14},"end":{"line":7,"column":23}},"2":{"start":{"line":8,"column":14},"end":{"line":8,"column":25}},"3":{"start":{"line":9,"column":46},"end":{"line":9,"column":61}},"4":{"start":{"line":11,"column":19},"end":{"line":14,"column":3}},"5":{"start":{"line":12,"column":4},"end":{"line":12,"column":33}},"6":{"start":{"line":13,"column":4},"end":{"line":13,"column":28}},"7":{"start":{"line":16,"column":18},"end":{"line":19,"column":3}},"8":{"start":{"line":17,"column":4},"end":{"line":17,"column":33}},"9":{"start":{"line":18,"column":4},"end":{"line":18,"column":28}},"10":{"start":{"line":21,"column":32},"end":{"line":39,"column":3}},"11":{"start":{"line":22,"column":15},"end":{"line":22,"column":28}},"12":{"start":{"line":23,"column":4},"end":{"line":23,"column":58}},"13":{"start":{"line":24,"column":4},"end":{"line":24,"column":24}},"14":{"start":{"line":25,"column":4},"end":{"line":33,"column":5}},"15":{"start":{"line":26,"column":6},"end":{"line":30,"column":8}},"16":{"start":{"line":31,"column":6},"end":{"line":31,"column":39}},"17":{"start":{"line":32,"column":6},"end":{"line":32,"column":13}},"18":{"start":{"line":34,"column":4},"end":{"line":37,"column":5}},"19":{"start":{"line":35,"column":6},"end":{"line":35,"column":30}},"20":{"start":{"line":36,"column":6},"end":{"line":36,"column":13}},"21":{"start":{"line":38,"column":4},"end":{"line":38,"column":28}},"22":{"start":{"line":40,"column":2},"end":{"line":42,"column":3}},"23":{"start":{"line":41,"column":4},"end":{"line":41,"column":28}},"24":{"start":{"line":43,"column":2},"end":{"line":55,"column":4}},"25":{"start":{"line":58,"column":15},"end":{"line":75,"column":2}}},"fnMap":{"0":{"name":"(anonymous_0)","decl":{"start":{"line":6,"column":19},"end":{"line":6,"column":20}},"loc":{"start":{"line":6,"column":42},"end":{"line":56,"column":1}},"line":6},"1":{"name":"(anonymous_1)","decl":{"start":{"line":11,"column":19},"end":{"line":11,"column":20}},"loc":{"start":{"line":11,"column":25},"end":{"line":14,"column":3}},"line":11},"2":{"name":"(anonymous_2)","decl":{"start":{"line":16,"column":18},"end":{"line":16,"column":19}},"loc":{"start":{"line":16,"column":24},"end":{"line":19,"column":3}},"line":16},"3":{"name":"(anonymous_3)","decl":{"start":{"line":21,"column":32},"end":{"line":21,"column":33}},"loc":{"start":{"line":21,"column":38},"end":{"line":39,"column":3}},"line":21}},"branchMap":{"0":{"loc":{"start":{"line":25,"column":4},"end":{"line":33,"column":5}},"type":"if","locations":[{"start":{"line":25,"column":4},"end":{"line":33,"column":5}},{"start":{"line":25,"column":4},"end":{"line":33,"column":5}}],"line":25},"1":{"loc":{"start":{"line":34,"column":4},"end":{"line":37,"column":5}},"type":"if","locations":[{"start":{"line":34,"column":4},"end":{"line":37,"column":5}},{"start":{"line":34,"column":4},"end":{"line":37,"column":5}}],"line":34},"2":{"loc":{"start":{"line":40,"column":2},"end":{"line":42,"column":3}},"type":"if","locations":[{"start":{"line":40,"column":2},"end":{"line":42,"column":3}},{"start":{"line":40,"column":2},"end":{"line":42,"column":3}}],"line":40}},"s":{"0":0,"1":0,"2":0,"3":0,"4":0,"5":0,"6":0,"7":0,"8":0,"9":0,"10":0,"11":0,"12":0,"13":0,"14":0,"15":0,"16":0,"17":0,"18":0,"19":0,"20":0,"21":0,"22":0,"23":0,"24":0,"25":0},"f":{"0":0,"1":0,"2":0,"3":0},"b":{"0":[0,0],"1":[0,0],"2":[0,0]}}
,"C:\\Users\\rohbhatt5\\Desktop\\React_Native\\Guess-The-Number\\screens\\StartScreen.js": {"path":"C:\\Users\\rohbhatt5\\Desktop\\React_Native\\Guess-The-Number\\screens\\StartScreen.js","statementMap":{"0":{"start":{"line":15,"column":20},"end":{"line":103,"column":1}},"1":{"start":{"line":16,"column":34},"end":{"line":16,"column":46}},"2":{"start":{"line":17,"column":36},"end":{"line":17,"column":51}},"3":{"start":{"line":18,"column":48},"end":{"line":18,"column":58}},"4":{"start":{"line":20,"column":30},"end":{"line":23,"column":3}},"5":{"start":{"line":21,"column":4},"end":{"line":22,"column":45}},"6":{"start":{"line":21,"column":26},"end":{"line":21,"column":43}},"7":{"start":{"line":22,"column":9},"end":{"line":22,"column":45}},"8":{"start":{"line":25,"column":23},"end":{"line":28,"column":3}},"9":{"start":{"line":26,"column":4},"end":{"line":26,"column":21}},"10":{"start":{"line":27,"column":4},"end":{"line":27,"column":24}},"11":{"start":{"line":30,"column":20},"end":{"line":44,"column":3}},"12":{"start":{"line":31,"column":15},"end":{"line":31,"column":33}},"13":{"start":{"line":32,"column":4},"end":{"line":32,"column":23}},"14":{"start":{"line":33,"column":4},"end":{"line":40,"column":5}},"15":{"start":{"line":34,"column":6},"end":{"line":36,"column":9}},"16":{"start":{"line":37,"column":6},"end":{"line":37,"column":26}},"17":{"start":{"line":38,"column":6},"end":{"line":38,"column":29}},"18":{"start":{"line":39,"column":6},"end":{"line":39,"column":13}},"19":{"start":{"line":41,"column":4},"end":{"line":41,"column":29}},"20":{"start":{"line":42,"column":4},"end":{"line":42,"column":19}},"21":{"start":{"line":43,"column":4},"end":{"line":43,"column":23}},"22":{"start":{"line":46,"column":25},"end":{"line":48,"column":3}},"23":{"start":{"line":47,"column":4},"end":{"line":47,"column":37}},"24":{"start":{"line":52,"column":2},"end":{"line":67,"column":42}},"25":{"start":{"line":53,"column":4},"end":{"line":66,"column":6}},"26":{"start":{"line":67,"column":9},"end":{"line":67,"column":42}},"27":{"start":{"line":69,"column":2},"end":{"line":102,"column":4}},"28":{"start":{"line":105,"column":15},"end":{"line":145,"column":2}}},"fnMap":{"0":{"name":"(anonymous_0)","decl":{"start":{"line":15,"column":20},"end":{"line":15,"column":21}},"loc":{"start":{"line":15,"column":45},"end":{"line":103,"column":1}},"line":15},"1":{"name":"(anonymous_1)","decl":{"start":{"line":20,"column":30},"end":{"line":20,"column":31}},"loc":{"start":{"line":20,"column":39},"end":{"line":23,"column":3}},"line":20},"2":{"name":"(anonymous_2)","decl":{"start":{"line":25,"column":23},"end":{"line":25,"column":24}},"loc":{"start":{"line":25,"column":29},"end":{"line":28,"column":3}},"line":25},"3":{"name":"(anonymous_3)","decl":{"start":{"line":30,"column":20},"end":{"line":30,"column":21}},"loc":{"start":{"line":30,"column":26},"end":{"line":44,"column":3}},"line":30},"4":{"name":"(anonymous_4)","decl":{"start":{"line":46,"column":25},"end":{"line":46,"column":26}},"loc":{"start":{"line":46,"column":31},"end":{"line":48,"column":3}},"line":46}},"branchMap":{"0":{"loc":{"start":{"line":21,"column":4},"end":{"line":22,"column":45}},"type":"if","locations":[{"start":{"line":21,"column":4},"end":{"line":22,"column":45}},{"start":{"line":21,"column":4},"end":{"line":22,"column":45}}],"line":21},"1":{"loc":{"start":{"line":33,"column":4},"end":{"line":40,"column":5}},"type":"if","locations":[{"start":{"line":33,"column":4},"end":{"line":40,"column":5}},{"start":{"line":33,"column":4},"end":{"line":40,"column":5}}],"line":33},"2":{"loc":{"start":{"line":52,"column":2},"end":{"line":67,"column":42}},"type":"if","locations":[{"start":{"line":52,"column":2},"end":{"line":67,"column":42}},{"start":{"line":52,"column":2},"end":{"line":67,"column":42}}],"line":52}},"s":{"0":0,"1":0,"2":0,"3":0,"4":0,"5":0,"6":0,"7":0,"8":0,"9":0,"10":0,"11":0,"12":0,"13":0,"14":0,"15":0,"16":0,"17":0,"18":0,"19":0,"20":0,"21":0,"22":0,"23":0,"24":0,"25":0,"26":0,"27":0,"28":0},"f":{"0":0,"1":0,"2":0,"3":0,"4":0},"b":{"0":[0,0],"1":[0,0],"2":[0,0]}}
,"C:\\Users\\rohbhatt5\\Desktop\\React_Native\\Guess-The-Number\\utils\\ThemeFormat.ts": {"path":"C:\\Users\\rohbhatt5\\Desktop\\React_Native\\Guess-The-Number\\utils\\ThemeFormat.ts","statementMap":{"0":{"start":{"line":21,"column":8},"end":{"line":21,"column":29}},"1":{"start":{"line":22,"column":8},"end":{"line":22,"column":23}},"2":{"start":{"line":23,"column":8},"end":{"line":23,"column":26}},"3":{"start":{"line":24,"column":8},"end":{"line":24,"column":31}},"4":{"start":{"line":25,"column":8},"end":{"line":25,"column":32}},"5":{"start":{"line":26,"column":8},"end":{"line":26,"column":25}},"6":{"start":{"line":27,"column":8},"end":{"line":27,"column":23}},"7":{"start":{"line":28,"column":8},"end":{"line":28,"column":25}},"8":{"start":{"line":29,"column":8},"end":{"line":29,"column":24}},"9":{"start":{"line":30,"column":8},"end":{"line":30,"column":24}},"10":{"start":{"line":31,"column":8},"end":{"line":31,"column":25}},"11":{"start":{"line":32,"column":8},"end":{"line":32,"column":24}},"12":{"start":{"line":33,"column":8},"end":{"line":33,"column":26}},"13":{"start":{"line":34,"column":8},"end":{"line":34,"column":23}},"14":{"start":{"line":35,"column":8},"end":{"line":35,"column":26}},"15":{"start":{"line":36,"column":8},"end":{"line":36,"column":31}}},"fnMap":{"0":{"name":"(anonymous_0)","decl":{"start":{"line":19,"column":4},"end":{"line":19,"column":5}},"loc":{"start":{"line":20,"column":4},"end":{"line":37,"column":5}},"line":20}},"branchMap":{},"s":{"0":3,"1":3,"2":3,"3":3,"4":3,"5":3,"6":3,"7":3,"8":3,"9":3,"10":3,"11":3,"12":3,"13":3,"14":3,"15":3},"f":{"0":3},"b":{},"_coverageSchema":"1a1c01bbd47fc00a2c39e90264f33305004495a9","hash":"8dfb8f237c7c996e77e1103ab1291dcd99d0e0c0"}
,"C:\\Users\\rohbhatt5\\Desktop\\React_Native\\Guess-The-Number\\utils\\ThemeManager.ts": {"path":"C:\\Users\\rohbhatt5\\Desktop\\React_Native\\Guess-The-Number\\utils\\ThemeManager.ts","statementMap":{"0":{"start":{"line":3,"column":11},"end":{"line":3,"column":28}},"1":{"start":{"line":5,"column":13},"end":{"line":5,"column":27}},"2":{"start":{"line":6,"column":21},"end":{"line":22,"column":1}},"3":{"start":{"line":7,"column":2},"end":{"line":21,"column":3}},"4":{"start":{"line":8,"column":4},"end":{"line":8,"column":25}},"5":{"start":{"line":9,"column":21},"end":{"line":9,"column":38}},"6":{"start":{"line":10,"column":23},"end":{"line":10,"column":41}},"7":{"start":{"line":11,"column":4},"end":{"line":16,"column":6}},"8":{"start":{"line":12,"column":6},"end":{"line":15,"column":7}},"9":{"start":{"line":14,"column":8},"end":{"line":14,"column":29}},"10":{"start":{"line":20,"column":4},"end":{"line":20,"column":50}},"11":{"start":{"line":23,"column":0},"end":{"line":23,"column":15}}},"fnMap":{"0":{"name":"(anonymous_0)","decl":{"start":{"line":6,"column":21},"end":{"line":6,"column":22}},"loc":{"start":{"line":6,"column":27},"end":{"line":22,"column":1}},"line":6},"1":{"name":"(anonymous_1)","decl":{"start":{"line":11,"column":23},"end":{"line":11,"column":24}},"loc":{"start":{"line":11,"column":30},"end":{"line":16,"column":5}},"line":11}},"branchMap":{"0":{"loc":{"start":{"line":12,"column":6},"end":{"line":15,"column":7}},"type":"if","locations":[{"start":{"line":12,"column":6},"end":{"line":15,"column":7}},{"start":{"line":12,"column":6},"end":{"line":15,"column":7}}],"line":12}},"s":{"0":2,"1":2,"2":2,"3":2,"4":2,"5":1,"6":1,"7":1,"8":3,"9":2,"10":1,"11":2},"f":{"0":2,"1":3},"b":{"0":[2,1]},"_coverageSchema":"1a1c01bbd47fc00a2c39e90264f33305004495a9","hash":"ace68a9e7293969b14f2357813ae53114f2806c3"}
}
